Performing C SOURCE FILE Test CMAKE_HAVE_LIBC_PTHREAD failed with the following output:
Change Dir: /home/sovest/SovesT1337/workspace/projects/lab07/_builds/clang-cxx14/CMakeFiles/CMakeTmp

Run Build Command(s):/usr/bin/gmake cmTC_74a9e/fast && /usr/bin/gmake  -f CMakeFiles/cmTC_74a9e.dir/build.make CMakeFiles/cmTC_74a9e.dir/build
gmake[1]: вход в каталог «/home/sovest/SovesT1337/workspace/projects/lab07/_builds/clang-cxx14/CMakeFiles/CMakeTmp»
Building C object CMakeFiles/cmTC_74a9e.dir/src.c.o
/usr/bin/clang   -DCMAKE_HAVE_LIBC_PTHREAD -o CMakeFiles/cmTC_74a9e.dir/src.c.o -c /home/sovest/SovesT1337/workspace/projects/lab07/_builds/clang-cxx14/CMakeFiles/CMakeTmp/src.c
Linking C executable cmTC_74a9e
/usr/bin/cmake -E cmake_link_script CMakeFiles/cmTC_74a9e.dir/link.txt --verbose=1
/usr/bin/clang  -DCMAKE_HAVE_LIBC_PTHREAD CMakeFiles/cmTC_74a9e.dir/src.c.o -o cmTC_74a9e 
/usr/bin/ld: CMakeFiles/cmTC_74a9e.dir/src.c.o: в функции «main»:
src.c:(.text+0x35): неопределённая ссылка на «pthread_create»
/usr/bin/ld: src.c:(.text+0x3e): неопределённая ссылка на «pthread_detach»
/usr/bin/ld: src.c:(.text+0x47): неопределённая ссылка на «pthread_cancel»
/usr/bin/ld: src.c:(.text+0x54): неопределённая ссылка на «pthread_join»
clang: error: linker command failed with exit code 1 (use -v to see invocation)
gmake[1]: *** [CMakeFiles/cmTC_74a9e.dir/build.make:106: cmTC_74a9e] Ошибка 1
gmake[1]: выход из каталога «/home/sovest/SovesT1337/workspace/projects/lab07/_builds/clang-cxx14/CMakeFiles/CMakeTmp»
gmake: *** [Makefile:140: cmTC_74a9e/fast] Ошибка 2


Source file was:
#include <pthread.h>

void* test_func(void* data)
{
  return data;
}

int main(void)
{
  pthread_t thread;
  pthread_create(&thread, NULL, test_func, NULL);
  pthread_detach(thread);
  pthread_cancel(thread);
  pthread_join(thread, NULL);
  pthread_atfork(NULL, NULL, NULL);
  pthread_exit(NULL);

  return 0;
}

Determining if the function pthread_create exists in the pthreads failed with the following output:
Change Dir: /home/sovest/SovesT1337/workspace/projects/lab07/_builds/clang-cxx14/CMakeFiles/CMakeTmp

Run Build Command(s):/usr/bin/gmake cmTC_66961/fast && /usr/bin/gmake  -f CMakeFiles/cmTC_66961.dir/build.make CMakeFiles/cmTC_66961.dir/build
gmake[1]: вход в каталог «/home/sovest/SovesT1337/workspace/projects/lab07/_builds/clang-cxx14/CMakeFiles/CMakeTmp»
Building C object CMakeFiles/cmTC_66961.dir/CheckFunctionExists.c.o
/usr/bin/clang   -DCHECK_FUNCTION_EXISTS=pthread_create -o CMakeFiles/cmTC_66961.dir/CheckFunctionExists.c.o -c /usr/share/cmake-3.18/Modules/CheckFunctionExists.c
Linking C executable cmTC_66961
/usr/bin/cmake -E cmake_link_script CMakeFiles/cmTC_66961.dir/link.txt --verbose=1
/usr/bin/clang  -DCHECK_FUNCTION_EXISTS=pthread_create CMakeFiles/cmTC_66961.dir/CheckFunctionExists.c.o -o cmTC_66961  -lpthreads 
/usr/bin/ld: невозможно найти -lpthreads
clang: error: linker command failed with exit code 1 (use -v to see invocation)
gmake[1]: *** [CMakeFiles/cmTC_66961.dir/build.make:106: cmTC_66961] Ошибка 1
gmake[1]: выход из каталога «/home/sovest/SovesT1337/workspace/projects/lab07/_builds/clang-cxx14/CMakeFiles/CMakeTmp»
gmake: *** [Makefile:140: cmTC_66961/fast] Ошибка 2



