Performing C SOURCE FILE Test CMAKE_HAVE_LIBC_PTHREAD failed with the following output:
Change Dir: /home/sovest/SovesT1337/workspace/projects/lab07/_builds/default/CMakeFiles/CMakeTmp

Run Build Command(s):/usr/bin/gmake cmTC_abfc2/fast && /usr/bin/gmake  -f CMakeFiles/cmTC_abfc2.dir/build.make CMakeFiles/cmTC_abfc2.dir/build
gmake[1]: вход в каталог «/home/sovest/SovesT1337/workspace/projects/lab07/_builds/default/CMakeFiles/CMakeTmp»
Building C object CMakeFiles/cmTC_abfc2.dir/src.c.o
/usr/bin/cc   -DCMAKE_HAVE_LIBC_PTHREAD -o CMakeFiles/cmTC_abfc2.dir/src.c.o -c /home/sovest/SovesT1337/workspace/projects/lab07/_builds/default/CMakeFiles/CMakeTmp/src.c
Linking C executable cmTC_abfc2
/usr/bin/cmake -E cmake_link_script CMakeFiles/cmTC_abfc2.dir/link.txt --verbose=1
/usr/bin/cc  -DCMAKE_HAVE_LIBC_PTHREAD CMakeFiles/cmTC_abfc2.dir/src.c.o -o cmTC_abfc2 
/usr/bin/ld: CMakeFiles/cmTC_abfc2.dir/src.c.o: в функции «main»:
src.c:(.text+0x46): неопределённая ссылка на «pthread_create»
/usr/bin/ld: src.c:(.text+0x52): неопределённая ссылка на «pthread_detach»
/usr/bin/ld: src.c:(.text+0x5e): неопределённая ссылка на «pthread_cancel»
/usr/bin/ld: src.c:(.text+0x6f): неопределённая ссылка на «pthread_join»
collect2: error: ld returned 1 exit status
gmake[1]: *** [CMakeFiles/cmTC_abfc2.dir/build.make:106: cmTC_abfc2] Ошибка 1
gmake[1]: выход из каталога «/home/sovest/SovesT1337/workspace/projects/lab07/_builds/default/CMakeFiles/CMakeTmp»
gmake: *** [Makefile:140: cmTC_abfc2/fast] Ошибка 2


Source file was:
#include <pthread.h>

void* test_func(void* data)
{
  return data;
}

int main(void)
{
  pthread_t thread;
  pthread_create(&thread, NULL, test_func, NULL);
  pthread_detach(thread);
  pthread_cancel(thread);
  pthread_join(thread, NULL);
  pthread_atfork(NULL, NULL, NULL);
  pthread_exit(NULL);

  return 0;
}

Determining if the function pthread_create exists in the pthreads failed with the following output:
Change Dir: /home/sovest/SovesT1337/workspace/projects/lab07/_builds/default/CMakeFiles/CMakeTmp

Run Build Command(s):/usr/bin/gmake cmTC_47685/fast && /usr/bin/gmake  -f CMakeFiles/cmTC_47685.dir/build.make CMakeFiles/cmTC_47685.dir/build
gmake[1]: вход в каталог «/home/sovest/SovesT1337/workspace/projects/lab07/_builds/default/CMakeFiles/CMakeTmp»
Building C object CMakeFiles/cmTC_47685.dir/CheckFunctionExists.c.o
/usr/bin/cc   -DCHECK_FUNCTION_EXISTS=pthread_create -o CMakeFiles/cmTC_47685.dir/CheckFunctionExists.c.o -c /usr/share/cmake-3.18/Modules/CheckFunctionExists.c
Linking C executable cmTC_47685
/usr/bin/cmake -E cmake_link_script CMakeFiles/cmTC_47685.dir/link.txt --verbose=1
/usr/bin/cc  -DCHECK_FUNCTION_EXISTS=pthread_create CMakeFiles/cmTC_47685.dir/CheckFunctionExists.c.o -o cmTC_47685  -lpthreads 
/usr/bin/ld: невозможно найти -lpthreads
collect2: error: ld returned 1 exit status
gmake[1]: *** [CMakeFiles/cmTC_47685.dir/build.make:106: cmTC_47685] Ошибка 1
gmake[1]: выход из каталога «/home/sovest/SovesT1337/workspace/projects/lab07/_builds/default/CMakeFiles/CMakeTmp»
gmake: *** [Makefile:140: cmTC_47685/fast] Ошибка 2



